                              1 ;--------------------------------------------------------
                              2 ; File Created by SDCC : free open source ANSI-C Compiler
                              3 ; Version 3.6.8 #9946 (Mac OS X x86_64)
                              4 ;--------------------------------------------------------
                              5 	.module PlayerManager
                              6 	.optsdcc -mz80
                              7 	
                              8 ;--------------------------------------------------------
                              9 ; Public variables in this module
                             10 ;--------------------------------------------------------
                             11 	.globl _strCopy
                             12 	.globl _players_list
                             13 	.globl _man_player_init
                             14 	.globl _man_player_createPlayer
                             15 	.globl _man_player_get_player
                             16 	.globl _man_player_update
                             17 	.globl _man_player_render
                             18 ;--------------------------------------------------------
                             19 ; special function registers
                             20 ;--------------------------------------------------------
                             21 ;--------------------------------------------------------
                             22 ; ram data
                             23 ;--------------------------------------------------------
                             24 	.area _DATA
   0000                      25 _players_list::
   0000                      26 	.ds 65
                             27 ;--------------------------------------------------------
                             28 ; ram data
                             29 ;--------------------------------------------------------
                             30 	.area _INITIALIZED
                             31 ;--------------------------------------------------------
                             32 ; absolute external ram data
                             33 ;--------------------------------------------------------
                             34 	.area _DABS (ABS)
                             35 ;--------------------------------------------------------
                             36 ; global & static initialisations
                             37 ;--------------------------------------------------------
                             38 	.area _HOME
                             39 	.area _GSINIT
                             40 	.area _GSFINAL
                             41 	.area _GSINIT
                             42 ;--------------------------------------------------------
                             43 ; Home
                             44 ;--------------------------------------------------------
                             45 	.area _HOME
                             46 	.area _HOME
                             47 ;--------------------------------------------------------
                             48 ; code
                             49 ;--------------------------------------------------------
                             50 	.area _CODE
                             51 ;src/man/PlayerManager.c:32: void man_player_init(){
                             52 ;	---------------------------------
                             53 ; Function man_player_init
                             54 ; ---------------------------------
   0000                      55 _man_player_init::
                             56 ;src/man/PlayerManager.c:33: players_list.num_players = 0;
   0000 21r40r00      [10]   57 	ld	hl, #(_players_list + 0x0040)
   0003 36 00         [10]   58 	ld	(hl), #0x00
   0005 C9            [10]   59 	ret
                             60 ;src/man/PlayerManager.c:42: void man_player_createPlayer(u8 x, u8 y, u8 *name, u8 life){
                             61 ;	---------------------------------
                             62 ; Function man_player_createPlayer
                             63 ; ---------------------------------
   0006                      64 _man_player_createPlayer::
   0006 DD E5         [15]   65 	push	ix
   0008 DD 21 00 00   [14]   66 	ld	ix,#0
   000C DD 39         [15]   67 	add	ix,sp
                             68 ;src/man/PlayerManager.c:43: players_list.list[players_list.num_players].active = NO;
   000E 11r00r00      [10]   69 	ld	de, #_players_list+0
   0011 01r00r00      [10]   70 	ld	bc, #_players_list+0
   0014 3Ar40r00      [13]   71 	ld	a, (#(_players_list + 0x0040) + 0)
   0017 0F            [ 4]   72 	rrca
   0018 0F            [ 4]   73 	rrca
   0019 0F            [ 4]   74 	rrca
   001A E6 E0         [ 7]   75 	and	a, #0xe0
   001C 6F            [ 4]   76 	ld	l, a
   001D 26 00         [ 7]   77 	ld	h,#0x00
   001F 19            [11]   78 	add	hl, de
   0020 36 00         [10]   79 	ld	(hl), #0x00
                             80 ;src/man/PlayerManager.c:44: strCopy(name, &players_list.list[players_list.num_players].name[0]);
   0022 3Ar40r00      [13]   81 	ld	a, (#(_players_list + 0x0040) + 0)
   0025 0F            [ 4]   82 	rrca
   0026 0F            [ 4]   83 	rrca
   0027 0F            [ 4]   84 	rrca
   0028 E6 E0         [ 7]   85 	and	a, #0xe0
   002A 6F            [ 4]   86 	ld	l, a
   002B 26 00         [ 7]   87 	ld	h,#0x00
   002D 09            [11]   88 	add	hl, bc
   002E 23            [ 6]   89 	inc	hl
   002F C5            [11]   90 	push	bc
   0030 E5            [11]   91 	push	hl
   0031 DD 6E 06      [19]   92 	ld	l,6 (ix)
   0034 DD 66 07      [19]   93 	ld	h,7 (ix)
   0037 E5            [11]   94 	push	hl
   0038 CDr00r00      [17]   95 	call	_strCopy
   003B F1            [10]   96 	pop	af
   003C F1            [10]   97 	pop	af
   003D C1            [10]   98 	pop	bc
                             99 ;src/man/PlayerManager.c:45: players_list.list[players_list.num_players].x = x;
   003E 3Ar40r00      [13]  100 	ld	a, (#(_players_list + 0x0040) + 0)
   0041 0F            [ 4]  101 	rrca
   0042 0F            [ 4]  102 	rrca
   0043 0F            [ 4]  103 	rrca
   0044 E6 E0         [ 7]  104 	and	a, #0xe0
   0046 6F            [ 4]  105 	ld	l, a
   0047 26 00         [ 7]  106 	ld	h,#0x00
   0049 09            [11]  107 	add	hl, bc
   004A 11 17 00      [10]  108 	ld	de, #0x0017
   004D 19            [11]  109 	add	hl, de
   004E DD 7E 04      [19]  110 	ld	a, 4 (ix)
   0051 77            [ 7]  111 	ld	(hl), a
                            112 ;src/man/PlayerManager.c:46: players_list.list[players_list.num_players].y = y;
   0052 3Ar40r00      [13]  113 	ld	a, (#(_players_list + 0x0040) + 0)
   0055 0F            [ 4]  114 	rrca
   0056 0F            [ 4]  115 	rrca
   0057 0F            [ 4]  116 	rrca
   0058 E6 E0         [ 7]  117 	and	a, #0xe0
   005A 6F            [ 4]  118 	ld	l, a
   005B 26 00         [ 7]  119 	ld	h,#0x00
   005D 09            [11]  120 	add	hl, bc
   005E 11 18 00      [10]  121 	ld	de, #0x0018
   0061 19            [11]  122 	add	hl, de
   0062 DD 7E 05      [19]  123 	ld	a, 5 (ix)
   0065 77            [ 7]  124 	ld	(hl), a
                            125 ;src/man/PlayerManager.c:47: players_list.list[players_list.num_players].px = x;
   0066 3Ar40r00      [13]  126 	ld	a, (#(_players_list + 0x0040) + 0)
   0069 0F            [ 4]  127 	rrca
   006A 0F            [ 4]  128 	rrca
   006B 0F            [ 4]  129 	rrca
   006C E6 E0         [ 7]  130 	and	a, #0xe0
   006E 6F            [ 4]  131 	ld	l, a
   006F 26 00         [ 7]  132 	ld	h,#0x00
   0071 09            [11]  133 	add	hl, bc
   0072 11 19 00      [10]  134 	ld	de, #0x0019
   0075 19            [11]  135 	add	hl, de
   0076 DD 7E 04      [19]  136 	ld	a, 4 (ix)
   0079 77            [ 7]  137 	ld	(hl), a
                            138 ;src/man/PlayerManager.c:48: players_list.list[players_list.num_players].py = y;
   007A 3Ar40r00      [13]  139 	ld	a, (#(_players_list + 0x0040) + 0)
   007D 0F            [ 4]  140 	rrca
   007E 0F            [ 4]  141 	rrca
   007F 0F            [ 4]  142 	rrca
   0080 E6 E0         [ 7]  143 	and	a, #0xe0
   0082 6F            [ 4]  144 	ld	l, a
   0083 26 00         [ 7]  145 	ld	h,#0x00
   0085 09            [11]  146 	add	hl, bc
   0086 11 1A 00      [10]  147 	ld	de, #0x001a
   0089 19            [11]  148 	add	hl, de
   008A DD 7E 05      [19]  149 	ld	a, 5 (ix)
   008D 77            [ 7]  150 	ld	(hl), a
                            151 ;src/man/PlayerManager.c:49: players_list.list[players_list.num_players].life = life;
   008E 3Ar40r00      [13]  152 	ld	a, (#(_players_list + 0x0040) + 0)
   0091 0F            [ 4]  153 	rrca
   0092 0F            [ 4]  154 	rrca
   0093 0F            [ 4]  155 	rrca
   0094 E6 E0         [ 7]  156 	and	a, #0xe0
   0096 6F            [ 4]  157 	ld	l, a
   0097 26 00         [ 7]  158 	ld	h,#0x00
   0099 09            [11]  159 	add	hl, bc
   009A 11 1B 00      [10]  160 	ld	de, #0x001b
   009D 19            [11]  161 	add	hl, de
   009E DD 7E 08      [19]  162 	ld	a, 8 (ix)
   00A1 77            [ 7]  163 	ld	(hl), a
                            164 ;src/man/PlayerManager.c:50: players_list.list[players_list.num_players].score = 0;
   00A2 3Ar40r00      [13]  165 	ld	a, (#(_players_list + 0x0040) + 0)
   00A5 0F            [ 4]  166 	rrca
   00A6 0F            [ 4]  167 	rrca
   00A7 0F            [ 4]  168 	rrca
   00A8 E6 E0         [ 7]  169 	and	a, #0xe0
   00AA 6F            [ 4]  170 	ld	l, a
   00AB 26 00         [ 7]  171 	ld	h,#0x00
   00AD 09            [11]  172 	add	hl, bc
   00AE 01 1C 00      [10]  173 	ld	bc, #0x001c
   00B1 09            [11]  174 	add	hl, bc
   00B2 AF            [ 4]  175 	xor	a, a
   00B3 77            [ 7]  176 	ld	(hl), a
   00B4 23            [ 6]  177 	inc	hl
   00B5 77            [ 7]  178 	ld	(hl), a
   00B6 23            [ 6]  179 	inc	hl
   00B7 AF            [ 4]  180 	xor	a, a
   00B8 77            [ 7]  181 	ld	(hl), a
   00B9 23            [ 6]  182 	inc	hl
   00BA 77            [ 7]  183 	ld	(hl), a
   00BB DD E1         [14]  184 	pop	ix
   00BD C9            [10]  185 	ret
                            186 ;src/man/PlayerManager.c:59: TPlayer* man_player_get_player(u8 player){
                            187 ;	---------------------------------
                            188 ; Function man_player_get_player
                            189 ; ---------------------------------
   00BE                     190 _man_player_get_player::
                            191 ;src/man/PlayerManager.c:60: return &players_list.list[player]; 
   00BE 01r00r00      [10]  192 	ld	bc, #_players_list+0
   00C1 21 02 00      [10]  193 	ld	hl, #2+0
   00C4 39            [11]  194 	add	hl, sp
   00C5 7E            [ 7]  195 	ld	a, (hl)
   00C6 0F            [ 4]  196 	rrca
   00C7 0F            [ 4]  197 	rrca
   00C8 0F            [ 4]  198 	rrca
   00C9 E6 E0         [ 7]  199 	and	a, #0xe0
   00CB 6F            [ 4]  200 	ld	l, a
   00CC 26 00         [ 7]  201 	ld	h,#0x00
   00CE 09            [11]  202 	add	hl, bc
   00CF C9            [10]  203 	ret
                            204 ;src/man/PlayerManager.c:69: void man_player_update(){
                            205 ;	---------------------------------
                            206 ; Function man_player_update
                            207 ; ---------------------------------
   00D0                     208 _man_player_update::
                            209 ;src/man/PlayerManager.c:71: }
   00D0 C9            [10]  210 	ret
                            211 ;src/man/PlayerManager.c:81: void man_player_render(){
                            212 ;	---------------------------------
                            213 ; Function man_player_render
                            214 ; ---------------------------------
   00D1                     215 _man_player_render::
                            216 ;src/man/PlayerManager.c:83: }
   00D1 C9            [10]  217 	ret
                            218 	.area _CODE
                            219 	.area _INITIALIZER
                            220 	.area _CABS (ABS)
