                              1 ;--------------------------------------------------------
                              2 ; File Created by SDCC : free open source ANSI-C Compiler
                              3 ; Version 3.6.8 #9946 (Linux)
                              4 ;--------------------------------------------------------
                              5 	.module font_chars
                              6 	.optsdcc -mz80
                              7 	
                              8 ;--------------------------------------------------------
                              9 ; Public variables in this module
                             10 ;--------------------------------------------------------
                             11 	.globl _g_font_chars
                             12 ;--------------------------------------------------------
                             13 ; special function registers
                             14 ;--------------------------------------------------------
                             15 ;--------------------------------------------------------
                             16 ; ram data
                             17 ;--------------------------------------------------------
                             18 	.area _DATA
                             19 ;--------------------------------------------------------
                             20 ; ram data
                             21 ;--------------------------------------------------------
                             22 	.area _INITIALIZED
                             23 ;--------------------------------------------------------
                             24 ; absolute external ram data
                             25 ;--------------------------------------------------------
                             26 	.area _DABS (ABS)
                             27 ;--------------------------------------------------------
                             28 ; global & static initialisations
                             29 ;--------------------------------------------------------
                             30 	.area _HOME
                             31 	.area _GSINIT
                             32 	.area _GSFINAL
                             33 	.area _GSINIT
                             34 ;--------------------------------------------------------
                             35 ; Home
                             36 ;--------------------------------------------------------
                             37 	.area _HOME
                             38 	.area _HOME
                             39 ;--------------------------------------------------------
                             40 ; code
                             41 ;--------------------------------------------------------
                             42 	.area _CODE
                             43 	.area _CODE
   0000                      44 _g_font_chars:
   0000 55                   45 	.db #0x55	; 85	'U'
   0001 88                   46 	.db #0x88	; 136
   0002 55                   47 	.db #0x55	; 85	'U'
   0003 88                   48 	.db #0x88	; 136
   0004 55                   49 	.db #0x55	; 85	'U'
   0005 88                   50 	.db #0x88	; 136
   0006 55                   51 	.db #0x55	; 85	'U'
   0007 88                   52 	.db #0x88	; 136
   0008 55                   53 	.db #0x55	; 85	'U'
   0009 88                   54 	.db #0x88	; 136
   000A 44                   55 	.db #0x44	; 68	'D'
   000B 88                   56 	.db #0x88	; 136
   000C 55                   57 	.db #0x55	; 85	'U'
   000D 88                   58 	.db #0x88	; 136
   000E 44                   59 	.db #0x44	; 68	'D'
   000F 88                   60 	.db #0x88	; 136
   0010 00                   61 	.db #0x00	; 0
   0011 00                   62 	.db #0x00	; 0
   0012 00                   63 	.db #0x00	; 0
   0013 00                   64 	.db #0x00	; 0
   0014 00                   65 	.db #0x00	; 0
   0015 00                   66 	.db #0x00	; 0
   0016 00                   67 	.db #0x00	; 0
   0017 00                   68 	.db #0x00	; 0
   0018 00                   69 	.db #0x00	; 0
   0019 00                   70 	.db #0x00	; 0
   001A 00                   71 	.db #0x00	; 0
   001B 00                   72 	.db #0x00	; 0
   001C 55                   73 	.db #0x55	; 85	'U'
   001D 88                   74 	.db #0x88	; 136
   001E 55                   75 	.db #0x55	; 85	'U'
   001F 88                   76 	.db #0x88	; 136
   0020 EE                   77 	.db #0xee	; 238
   0021 88                   78 	.db #0x88	; 136
   0022 CC                   79 	.db #0xcc	; 204
   0023 00                   80 	.db #0x00	; 0
   0024 00                   81 	.db #0x00	; 0
   0025 00                   82 	.db #0x00	; 0
   0026 00                   83 	.db #0x00	; 0
   0027 00                   84 	.db #0x00	; 0
   0028 00                   85 	.db #0x00	; 0
   0029 00                   86 	.db #0x00	; 0
   002A FF                   87 	.db #0xff	; 255
   002B FF                   88 	.db #0xff	; 255
   002C CC                   89 	.db #0xcc	; 204
   002D CC                   90 	.db #0xcc	; 204
   002E 00                   91 	.db #0x00	; 0
   002F 00                   92 	.db #0x00	; 0
   0030 00                   93 	.db #0x00	; 0
   0031 00                   94 	.db #0x00	; 0
   0032 00                   95 	.db #0x00	; 0
   0033 00                   96 	.db #0x00	; 0
   0034 00                   97 	.db #0x00	; 0
   0035 00                   98 	.db #0x00	; 0
   0036 00                   99 	.db #0x00	; 0
   0037 00                  100 	.db #0x00	; 0
   0038 00                  101 	.db #0x00	; 0
   0039 00                  102 	.db #0x00	; 0
   003A 00                  103 	.db #0x00	; 0
   003B 00                  104 	.db #0x00	; 0
   003C 00                  105 	.db #0x00	; 0
   003D 00                  106 	.db #0x00	; 0
   003E 00                  107 	.db #0x00	; 0
   003F 00                  108 	.db #0x00	; 0
   0040 55                  109 	.db #0x55	; 85	'U'
   0041 88                  110 	.db #0x88	; 136
   0042 55                  111 	.db #0x55	; 85	'U'
   0043 88                  112 	.db #0x88	; 136
   0044 44                  113 	.db #0x44	; 68	'D'
   0045 88                  114 	.db #0x88	; 136
   0046 00                  115 	.db #0x00	; 0
   0047 00                  116 	.db #0x00	; 0
   0048 55                  117 	.db #0x55	; 85	'U'
   0049 88                  118 	.db #0x88	; 136
   004A EE                  119 	.db #0xee	; 238
   004B EE                  120 	.db #0xee	; 238
   004C EE                  121 	.db #0xee	; 238
   004D EE                  122 	.db #0xee	; 238
   004E EE                  123 	.db #0xee	; 238
   004F EE                  124 	.db #0xee	; 238
   0050 EE                  125 	.db #0xee	; 238
   0051 EE                  126 	.db #0xee	; 238
   0052 EE                  127 	.db #0xee	; 238
   0053 EE                  128 	.db #0xee	; 238
   0054 DD                  129 	.db #0xdd	; 221
   0055 CC                  130 	.db #0xcc	; 204
   0056 44                  131 	.db #0x44	; 68	'D'
   0057 88                  132 	.db #0x88	; 136
   0058 00                  133 	.db #0x00	; 0
   0059 00                  134 	.db #0x00	; 0
   005A 55                  135 	.db #0x55	; 85	'U'
   005B 88                  136 	.db #0x88	; 136
   005C FF                  137 	.db #0xff	; 255
   005D 88                  138 	.db #0x88	; 136
   005E DD                  139 	.db #0xdd	; 221
   005F 88                  140 	.db #0x88	; 136
   0060 55                  141 	.db #0x55	; 85	'U'
   0061 88                  142 	.db #0x88	; 136
   0062 55                  143 	.db #0x55	; 85	'U'
   0063 88                  144 	.db #0x88	; 136
   0064 55                  145 	.db #0x55	; 85	'U'
   0065 88                  146 	.db #0x88	; 136
   0066 FF                  147 	.db #0xff	; 255
   0067 EE                  148 	.db #0xee	; 238
   0068 CC                  149 	.db #0xcc	; 204
   0069 CC                  150 	.db #0xcc	; 204
   006A 00                  151 	.db #0x00	; 0
   006B 00                  152 	.db #0x00	; 0
   006C 55                  153 	.db #0x55	; 85	'U'
   006D 88                  154 	.db #0x88	; 136
   006E EE                  155 	.db #0xee	; 238
   006F EE                  156 	.db #0xee	; 238
   0070 CC                  157 	.db #0xcc	; 204
   0071 EE                  158 	.db #0xee	; 238
   0072 55                  159 	.db #0x55	; 85	'U'
   0073 CC                  160 	.db #0xcc	; 204
   0074 EE                  161 	.db #0xee	; 238
   0075 88                  162 	.db #0x88	; 136
   0076 EE                  163 	.db #0xee	; 238
   0077 00                  164 	.db #0x00	; 0
   0078 FF                  165 	.db #0xff	; 255
   0079 EE                  166 	.db #0xee	; 238
   007A CC                  167 	.db #0xcc	; 204
   007B CC                  168 	.db #0xcc	; 204
   007C 00                  169 	.db #0x00	; 0
   007D 00                  170 	.db #0x00	; 0
   007E 55                  171 	.db #0x55	; 85	'U'
   007F 88                  172 	.db #0x88	; 136
   0080 EE                  173 	.db #0xee	; 238
   0081 EE                  174 	.db #0xee	; 238
   0082 CC                  175 	.db #0xcc	; 204
   0083 EE                  176 	.db #0xee	; 238
   0084 55                  177 	.db #0x55	; 85	'U'
   0085 CC                  178 	.db #0xcc	; 204
   0086 44                  179 	.db #0x44	; 68	'D'
   0087 EE                  180 	.db #0xee	; 238
   0088 EE                  181 	.db #0xee	; 238
   0089 EE                  182 	.db #0xee	; 238
   008A DD                  183 	.db #0xdd	; 221
   008B CC                  184 	.db #0xcc	; 204
   008C 44                  185 	.db #0x44	; 68	'D'
   008D 88                  186 	.db #0x88	; 136
   008E 00                  187 	.db #0x00	; 0
   008F 00                  188 	.db #0x00	; 0
   0090 00                  189 	.db #0x00	; 0
   0091 EE                  190 	.db #0xee	; 238
   0092 EE                  191 	.db #0xee	; 238
   0093 EE                  192 	.db #0xee	; 238
   0094 EE                  193 	.db #0xee	; 238
   0095 EE                  194 	.db #0xee	; 238
   0096 FF                  195 	.db #0xff	; 255
   0097 EE                  196 	.db #0xee	; 238
   0098 CC                  197 	.db #0xcc	; 204
   0099 EE                  198 	.db #0xee	; 238
   009A 00                  199 	.db #0x00	; 0
   009B EE                  200 	.db #0xee	; 238
   009C 00                  201 	.db #0x00	; 0
   009D EE                  202 	.db #0xee	; 238
   009E 00                  203 	.db #0x00	; 0
   009F CC                  204 	.db #0xcc	; 204
   00A0 00                  205 	.db #0x00	; 0
   00A1 00                  206 	.db #0x00	; 0
   00A2 FF                  207 	.db #0xff	; 255
   00A3 EE                  208 	.db #0xee	; 238
   00A4 EE                  209 	.db #0xee	; 238
   00A5 CC                  210 	.db #0xcc	; 204
   00A6 EE                  211 	.db #0xee	; 238
   00A7 00                  212 	.db #0x00	; 0
   00A8 FF                  213 	.db #0xff	; 255
   00A9 88                  214 	.db #0x88	; 136
   00AA CC                  215 	.db #0xcc	; 204
   00AB EE                  216 	.db #0xee	; 238
   00AC 00                  217 	.db #0x00	; 0
   00AD EE                  218 	.db #0xee	; 238
   00AE FF                  219 	.db #0xff	; 255
   00AF CC                  220 	.db #0xcc	; 204
   00B0 CC                  221 	.db #0xcc	; 204
   00B1 88                  222 	.db #0x88	; 136
   00B2 00                  223 	.db #0x00	; 0
   00B3 00                  224 	.db #0x00	; 0
   00B4 55                  225 	.db #0x55	; 85	'U'
   00B5 88                  226 	.db #0x88	; 136
   00B6 EE                  227 	.db #0xee	; 238
   00B7 EE                  228 	.db #0xee	; 238
   00B8 EE                  229 	.db #0xee	; 238
   00B9 CC                  230 	.db #0xcc	; 204
   00BA FF                  231 	.db #0xff	; 255
   00BB 88                  232 	.db #0x88	; 136
   00BC EE                  233 	.db #0xee	; 238
   00BD EE                  234 	.db #0xee	; 238
   00BE EE                  235 	.db #0xee	; 238
   00BF EE                  236 	.db #0xee	; 238
   00C0 DD                  237 	.db #0xdd	; 221
   00C1 CC                  238 	.db #0xcc	; 204
   00C2 44                  239 	.db #0x44	; 68	'D'
   00C3 88                  240 	.db #0x88	; 136
   00C4 00                  241 	.db #0x00	; 0
   00C5 00                  242 	.db #0x00	; 0
   00C6 FF                  243 	.db #0xff	; 255
   00C7 EE                  244 	.db #0xee	; 238
   00C8 CC                  245 	.db #0xcc	; 204
   00C9 EE                  246 	.db #0xee	; 238
   00CA 00                  247 	.db #0x00	; 0
   00CB EE                  248 	.db #0xee	; 238
   00CC 55                  249 	.db #0x55	; 85	'U'
   00CD CC                  250 	.db #0xcc	; 204
   00CE 55                  251 	.db #0x55	; 85	'U'
   00CF 88                  252 	.db #0x88	; 136
   00D0 55                  253 	.db #0x55	; 85	'U'
   00D1 88                  254 	.db #0x88	; 136
   00D2 55                  255 	.db #0x55	; 85	'U'
   00D3 88                  256 	.db #0x88	; 136
   00D4 44                  257 	.db #0x44	; 68	'D'
   00D5 88                  258 	.db #0x88	; 136
   00D6 00                  259 	.db #0x00	; 0
   00D7 00                  260 	.db #0x00	; 0
   00D8 55                  261 	.db #0x55	; 85	'U'
   00D9 88                  262 	.db #0x88	; 136
   00DA EE                  263 	.db #0xee	; 238
   00DB EE                  264 	.db #0xee	; 238
   00DC EE                  265 	.db #0xee	; 238
   00DD EE                  266 	.db #0xee	; 238
   00DE DD                  267 	.db #0xdd	; 221
   00DF CC                  268 	.db #0xcc	; 204
   00E0 EE                  269 	.db #0xee	; 238
   00E1 EE                  270 	.db #0xee	; 238
   00E2 EE                  271 	.db #0xee	; 238
   00E3 EE                  272 	.db #0xee	; 238
   00E4 DD                  273 	.db #0xdd	; 221
   00E5 CC                  274 	.db #0xcc	; 204
   00E6 44                  275 	.db #0x44	; 68	'D'
   00E7 88                  276 	.db #0x88	; 136
   00E8 00                  277 	.db #0x00	; 0
   00E9 00                  278 	.db #0x00	; 0
   00EA 55                  279 	.db #0x55	; 85	'U'
   00EB 88                  280 	.db #0x88	; 136
   00EC EE                  281 	.db #0xee	; 238
   00ED EE                  282 	.db #0xee	; 238
   00EE EE                  283 	.db #0xee	; 238
   00EF EE                  284 	.db #0xee	; 238
   00F0 DD                  285 	.db #0xdd	; 221
   00F1 EE                  286 	.db #0xee	; 238
   00F2 44                  287 	.db #0x44	; 68	'D'
   00F3 EE                  288 	.db #0xee	; 238
   00F4 00                  289 	.db #0x00	; 0
   00F5 EE                  290 	.db #0xee	; 238
   00F6 55                  291 	.db #0x55	; 85	'U'
   00F7 CC                  292 	.db #0xcc	; 204
   00F8 44                  293 	.db #0x44	; 68	'D'
   00F9 88                  294 	.db #0x88	; 136
   00FA 00                  295 	.db #0x00	; 0
   00FB 00                  296 	.db #0x00	; 0
   00FC 55                  297 	.db #0x55	; 85	'U'
   00FD 88                  298 	.db #0x88	; 136
   00FE EE                  299 	.db #0xee	; 238
   00FF EE                  300 	.db #0xee	; 238
   0100 CC                  301 	.db #0xcc	; 204
   0101 EE                  302 	.db #0xee	; 238
   0102 55                  303 	.db #0x55	; 85	'U'
   0103 CC                  304 	.db #0xcc	; 204
   0104 55                  305 	.db #0x55	; 85	'U'
   0105 88                  306 	.db #0x88	; 136
   0106 44                  307 	.db #0x44	; 68	'D'
   0107 88                  308 	.db #0x88	; 136
   0108 55                  309 	.db #0x55	; 85	'U'
   0109 88                  310 	.db #0x88	; 136
   010A 44                  311 	.db #0x44	; 68	'D'
   010B 88                  312 	.db #0x88	; 136
   010C 00                  313 	.db #0x00	; 0
   010D 00                  314 	.db #0x00	; 0
   010E 00                  315 	.db #0x00	; 0
   010F 00                  316 	.db #0x00	; 0
   0110 55                  317 	.db #0x55	; 85	'U'
   0111 AA                  318 	.db #0xaa	; 170
   0112 EE                  319 	.db #0xee	; 238
   0113 DD                  320 	.db #0xdd	; 221
   0114 DD                  321 	.db #0xdd	; 221
   0115 EE                  322 	.db #0xee	; 238
   0116 DD                  323 	.db #0xdd	; 221
   0117 CC                  324 	.db #0xcc	; 204
   0118 DD                  325 	.db #0xdd	; 221
   0119 EE                  326 	.db #0xee	; 238
   011A EE                  327 	.db #0xee	; 238
   011B DD                  328 	.db #0xdd	; 221
   011C 55                  329 	.db #0x55	; 85	'U'
   011D EE                  330 	.db #0xee	; 238
   011E 00                  331 	.db #0x00	; 0
   011F 00                  332 	.db #0x00	; 0
   0120 55                  333 	.db #0x55	; 85	'U'
   0121 88                  334 	.db #0x88	; 136
   0122 EE                  335 	.db #0xee	; 238
   0123 EE                  336 	.db #0xee	; 238
   0124 EE                  337 	.db #0xee	; 238
   0125 EE                  338 	.db #0xee	; 238
   0126 FF                  339 	.db #0xff	; 255
   0127 EE                  340 	.db #0xee	; 238
   0128 EE                  341 	.db #0xee	; 238
   0129 EE                  342 	.db #0xee	; 238
   012A EE                  343 	.db #0xee	; 238
   012B EE                  344 	.db #0xee	; 238
   012C EE                  345 	.db #0xee	; 238
   012D EE                  346 	.db #0xee	; 238
   012E CC                  347 	.db #0xcc	; 204
   012F CC                  348 	.db #0xcc	; 204
   0130 00                  349 	.db #0x00	; 0
   0131 00                  350 	.db #0x00	; 0
   0132 FF                  351 	.db #0xff	; 255
   0133 88                  352 	.db #0x88	; 136
   0134 EE                  353 	.db #0xee	; 238
   0135 EE                  354 	.db #0xee	; 238
   0136 EE                  355 	.db #0xee	; 238
   0137 EE                  356 	.db #0xee	; 238
   0138 FF                  357 	.db #0xff	; 255
   0139 CC                  358 	.db #0xcc	; 204
   013A EE                  359 	.db #0xee	; 238
   013B EE                  360 	.db #0xee	; 238
   013C EE                  361 	.db #0xee	; 238
   013D EE                  362 	.db #0xee	; 238
   013E FF                  363 	.db #0xff	; 255
   013F EE                  364 	.db #0xee	; 238
   0140 CC                  365 	.db #0xcc	; 204
   0141 CC                  366 	.db #0xcc	; 204
   0142 00                  367 	.db #0x00	; 0
   0143 00                  368 	.db #0x00	; 0
   0144 55                  369 	.db #0x55	; 85	'U'
   0145 88                  370 	.db #0x88	; 136
   0146 EE                  371 	.db #0xee	; 238
   0147 EE                  372 	.db #0xee	; 238
   0148 EE                  373 	.db #0xee	; 238
   0149 CC                  374 	.db #0xcc	; 204
   014A EE                  375 	.db #0xee	; 238
   014B 00                  376 	.db #0x00	; 0
   014C EE                  377 	.db #0xee	; 238
   014D 00                  378 	.db #0x00	; 0
   014E EE                  379 	.db #0xee	; 238
   014F EE                  380 	.db #0xee	; 238
   0150 DD                  381 	.db #0xdd	; 221
   0151 CC                  382 	.db #0xcc	; 204
   0152 44                  383 	.db #0x44	; 68	'D'
   0153 88                  384 	.db #0x88	; 136
   0154 00                  385 	.db #0x00	; 0
   0155 00                  386 	.db #0x00	; 0
   0156 FF                  387 	.db #0xff	; 255
   0157 88                  388 	.db #0x88	; 136
   0158 EE                  389 	.db #0xee	; 238
   0159 EE                  390 	.db #0xee	; 238
   015A EE                  391 	.db #0xee	; 238
   015B EE                  392 	.db #0xee	; 238
   015C EE                  393 	.db #0xee	; 238
   015D EE                  394 	.db #0xee	; 238
   015E EE                  395 	.db #0xee	; 238
   015F EE                  396 	.db #0xee	; 238
   0160 EE                  397 	.db #0xee	; 238
   0161 EE                  398 	.db #0xee	; 238
   0162 FF                  399 	.db #0xff	; 255
   0163 CC                  400 	.db #0xcc	; 204
   0164 CC                  401 	.db #0xcc	; 204
   0165 88                  402 	.db #0x88	; 136
   0166 00                  403 	.db #0x00	; 0
   0167 00                  404 	.db #0x00	; 0
   0168 FF                  405 	.db #0xff	; 255
   0169 EE                  406 	.db #0xee	; 238
   016A EE                  407 	.db #0xee	; 238
   016B CC                  408 	.db #0xcc	; 204
   016C EE                  409 	.db #0xee	; 238
   016D 00                  410 	.db #0x00	; 0
   016E FF                  411 	.db #0xff	; 255
   016F 88                  412 	.db #0x88	; 136
   0170 EE                  413 	.db #0xee	; 238
   0171 88                  414 	.db #0x88	; 136
   0172 EE                  415 	.db #0xee	; 238
   0173 00                  416 	.db #0x00	; 0
   0174 FF                  417 	.db #0xff	; 255
   0175 EE                  418 	.db #0xee	; 238
   0176 CC                  419 	.db #0xcc	; 204
   0177 CC                  420 	.db #0xcc	; 204
   0178 00                  421 	.db #0x00	; 0
   0179 00                  422 	.db #0x00	; 0
   017A FF                  423 	.db #0xff	; 255
   017B EE                  424 	.db #0xee	; 238
   017C EE                  425 	.db #0xee	; 238
   017D CC                  426 	.db #0xcc	; 204
   017E EE                  427 	.db #0xee	; 238
   017F 00                  428 	.db #0x00	; 0
   0180 FF                  429 	.db #0xff	; 255
   0181 88                  430 	.db #0x88	; 136
   0182 EE                  431 	.db #0xee	; 238
   0183 88                  432 	.db #0x88	; 136
   0184 EE                  433 	.db #0xee	; 238
   0185 00                  434 	.db #0x00	; 0
   0186 EE                  435 	.db #0xee	; 238
   0187 00                  436 	.db #0x00	; 0
   0188 CC                  437 	.db #0xcc	; 204
   0189 00                  438 	.db #0x00	; 0
   018A 00                  439 	.db #0x00	; 0
   018B 00                  440 	.db #0x00	; 0
   018C 55                  441 	.db #0x55	; 85	'U'
   018D EE                  442 	.db #0xee	; 238
   018E EE                  443 	.db #0xee	; 238
   018F CC                  444 	.db #0xcc	; 204
   0190 EE                  445 	.db #0xee	; 238
   0191 00                  446 	.db #0x00	; 0
   0192 EE                  447 	.db #0xee	; 238
   0193 00                  448 	.db #0x00	; 0
   0194 EE                  449 	.db #0xee	; 238
   0195 EE                  450 	.db #0xee	; 238
   0196 EE                  451 	.db #0xee	; 238
   0197 EE                  452 	.db #0xee	; 238
   0198 DD                  453 	.db #0xdd	; 221
   0199 EE                  454 	.db #0xee	; 238
   019A 44                  455 	.db #0x44	; 68	'D'
   019B CC                  456 	.db #0xcc	; 204
   019C 00                  457 	.db #0x00	; 0
   019D 00                  458 	.db #0x00	; 0
   019E EE                  459 	.db #0xee	; 238
   019F EE                  460 	.db #0xee	; 238
   01A0 EE                  461 	.db #0xee	; 238
   01A1 EE                  462 	.db #0xee	; 238
   01A2 EE                  463 	.db #0xee	; 238
   01A3 EE                  464 	.db #0xee	; 238
   01A4 FF                  465 	.db #0xff	; 255
   01A5 EE                  466 	.db #0xee	; 238
   01A6 EE                  467 	.db #0xee	; 238
   01A7 EE                  468 	.db #0xee	; 238
   01A8 EE                  469 	.db #0xee	; 238
   01A9 EE                  470 	.db #0xee	; 238
   01AA EE                  471 	.db #0xee	; 238
   01AB EE                  472 	.db #0xee	; 238
   01AC CC                  473 	.db #0xcc	; 204
   01AD CC                  474 	.db #0xcc	; 204
   01AE 00                  475 	.db #0x00	; 0
   01AF 00                  476 	.db #0x00	; 0
   01B0 FF                  477 	.db #0xff	; 255
   01B1 EE                  478 	.db #0xee	; 238
   01B2 DD                  479 	.db #0xdd	; 221
   01B3 CC                  480 	.db #0xcc	; 204
   01B4 55                  481 	.db #0x55	; 85	'U'
   01B5 88                  482 	.db #0x88	; 136
   01B6 55                  483 	.db #0x55	; 85	'U'
   01B7 88                  484 	.db #0x88	; 136
   01B8 55                  485 	.db #0x55	; 85	'U'
   01B9 88                  486 	.db #0x88	; 136
   01BA 55                  487 	.db #0x55	; 85	'U'
   01BB 88                  488 	.db #0x88	; 136
   01BC FF                  489 	.db #0xff	; 255
   01BD EE                  490 	.db #0xee	; 238
   01BE CC                  491 	.db #0xcc	; 204
   01BF CC                  492 	.db #0xcc	; 204
   01C0 00                  493 	.db #0x00	; 0
   01C1 00                  494 	.db #0x00	; 0
   01C2 55                  495 	.db #0x55	; 85	'U'
   01C3 EE                  496 	.db #0xee	; 238
   01C4 44                  497 	.db #0x44	; 68	'D'
   01C5 EE                  498 	.db #0xee	; 238
   01C6 00                  499 	.db #0x00	; 0
   01C7 EE                  500 	.db #0xee	; 238
   01C8 00                  501 	.db #0x00	; 0
   01C9 EE                  502 	.db #0xee	; 238
   01CA EE                  503 	.db #0xee	; 238
   01CB EE                  504 	.db #0xee	; 238
   01CC EE                  505 	.db #0xee	; 238
   01CD EE                  506 	.db #0xee	; 238
   01CE DD                  507 	.db #0xdd	; 221
   01CF CC                  508 	.db #0xcc	; 204
   01D0 44                  509 	.db #0x44	; 68	'D'
   01D1 88                  510 	.db #0x88	; 136
   01D2 00                  511 	.db #0x00	; 0
   01D3 00                  512 	.db #0x00	; 0
   01D4 EE                  513 	.db #0xee	; 238
   01D5 EE                  514 	.db #0xee	; 238
   01D6 EE                  515 	.db #0xee	; 238
   01D7 EE                  516 	.db #0xee	; 238
   01D8 EE                  517 	.db #0xee	; 238
   01D9 EE                  518 	.db #0xee	; 238
   01DA FF                  519 	.db #0xff	; 255
   01DB CC                  520 	.db #0xcc	; 204
   01DC EE                  521 	.db #0xee	; 238
   01DD EE                  522 	.db #0xee	; 238
   01DE EE                  523 	.db #0xee	; 238
   01DF EE                  524 	.db #0xee	; 238
   01E0 EE                  525 	.db #0xee	; 238
   01E1 EE                  526 	.db #0xee	; 238
   01E2 CC                  527 	.db #0xcc	; 204
   01E3 CC                  528 	.db #0xcc	; 204
   01E4 00                  529 	.db #0x00	; 0
   01E5 00                  530 	.db #0x00	; 0
   01E6 EE                  531 	.db #0xee	; 238
   01E7 00                  532 	.db #0x00	; 0
   01E8 EE                  533 	.db #0xee	; 238
   01E9 00                  534 	.db #0x00	; 0
   01EA EE                  535 	.db #0xee	; 238
   01EB 00                  536 	.db #0x00	; 0
   01EC EE                  537 	.db #0xee	; 238
   01ED 00                  538 	.db #0x00	; 0
   01EE EE                  539 	.db #0xee	; 238
   01EF 00                  540 	.db #0x00	; 0
   01F0 EE                  541 	.db #0xee	; 238
   01F1 00                  542 	.db #0x00	; 0
   01F2 FF                  543 	.db #0xff	; 255
   01F3 EE                  544 	.db #0xee	; 238
   01F4 CC                  545 	.db #0xcc	; 204
   01F5 CC                  546 	.db #0xcc	; 204
   01F6 00                  547 	.db #0x00	; 0
   01F7 00                  548 	.db #0x00	; 0
   01F8 EE                  549 	.db #0xee	; 238
   01F9 EE                  550 	.db #0xee	; 238
   01FA FF                  551 	.db #0xff	; 255
   01FB EE                  552 	.db #0xee	; 238
   01FC FF                  553 	.db #0xff	; 255
   01FD EE                  554 	.db #0xee	; 238
   01FE EE                  555 	.db #0xee	; 238
   01FF EE                  556 	.db #0xee	; 238
   0200 EE                  557 	.db #0xee	; 238
   0201 EE                  558 	.db #0xee	; 238
   0202 EE                  559 	.db #0xee	; 238
   0203 EE                  560 	.db #0xee	; 238
   0204 EE                  561 	.db #0xee	; 238
   0205 EE                  562 	.db #0xee	; 238
   0206 CC                  563 	.db #0xcc	; 204
   0207 CC                  564 	.db #0xcc	; 204
   0208 00                  565 	.db #0x00	; 0
   0209 00                  566 	.db #0x00	; 0
   020A FF                  567 	.db #0xff	; 255
   020B 88                  568 	.db #0x88	; 136
   020C EE                  569 	.db #0xee	; 238
   020D EE                  570 	.db #0xee	; 238
   020E EE                  571 	.db #0xee	; 238
   020F EE                  572 	.db #0xee	; 238
   0210 EE                  573 	.db #0xee	; 238
   0211 EE                  574 	.db #0xee	; 238
   0212 EE                  575 	.db #0xee	; 238
   0213 EE                  576 	.db #0xee	; 238
   0214 EE                  577 	.db #0xee	; 238
   0215 EE                  578 	.db #0xee	; 238
   0216 EE                  579 	.db #0xee	; 238
   0217 EE                  580 	.db #0xee	; 238
   0218 CC                  581 	.db #0xcc	; 204
   0219 CC                  582 	.db #0xcc	; 204
   021A 00                  583 	.db #0x00	; 0
   021B 00                  584 	.db #0x00	; 0
   021C 55                  585 	.db #0x55	; 85	'U'
   021D 88                  586 	.db #0x88	; 136
   021E EE                  587 	.db #0xee	; 238
   021F EE                  588 	.db #0xee	; 238
   0220 EE                  589 	.db #0xee	; 238
   0221 EE                  590 	.db #0xee	; 238
   0222 EE                  591 	.db #0xee	; 238
   0223 EE                  592 	.db #0xee	; 238
   0224 EE                  593 	.db #0xee	; 238
   0225 EE                  594 	.db #0xee	; 238
   0226 EE                  595 	.db #0xee	; 238
   0227 EE                  596 	.db #0xee	; 238
   0228 DD                  597 	.db #0xdd	; 221
   0229 CC                  598 	.db #0xcc	; 204
   022A 44                  599 	.db #0x44	; 68	'D'
   022B 88                  600 	.db #0x88	; 136
   022C 00                  601 	.db #0x00	; 0
   022D 00                  602 	.db #0x00	; 0
   022E FF                  603 	.db #0xff	; 255
   022F 88                  604 	.db #0x88	; 136
   0230 EE                  605 	.db #0xee	; 238
   0231 EE                  606 	.db #0xee	; 238
   0232 EE                  607 	.db #0xee	; 238
   0233 EE                  608 	.db #0xee	; 238
   0234 EE                  609 	.db #0xee	; 238
   0235 EE                  610 	.db #0xee	; 238
   0236 FF                  611 	.db #0xff	; 255
   0237 CC                  612 	.db #0xcc	; 204
   0238 EE                  613 	.db #0xee	; 238
   0239 88                  614 	.db #0x88	; 136
   023A EE                  615 	.db #0xee	; 238
   023B 00                  616 	.db #0x00	; 0
   023C CC                  617 	.db #0xcc	; 204
   023D 00                  618 	.db #0x00	; 0
   023E 00                  619 	.db #0x00	; 0
   023F 00                  620 	.db #0x00	; 0
   0240 55                  621 	.db #0x55	; 85	'U'
   0241 88                  622 	.db #0x88	; 136
   0242 EE                  623 	.db #0xee	; 238
   0243 EE                  624 	.db #0xee	; 238
   0244 EE                  625 	.db #0xee	; 238
   0245 EE                  626 	.db #0xee	; 238
   0246 EE                  627 	.db #0xee	; 238
   0247 EE                  628 	.db #0xee	; 238
   0248 EE                  629 	.db #0xee	; 238
   0249 EE                  630 	.db #0xee	; 238
   024A FF                  631 	.db #0xff	; 255
   024B CC                  632 	.db #0xcc	; 204
   024C DD                  633 	.db #0xdd	; 221
   024D EE                  634 	.db #0xee	; 238
   024E 44                  635 	.db #0x44	; 68	'D'
   024F CC                  636 	.db #0xcc	; 204
   0250 00                  637 	.db #0x00	; 0
   0251 00                  638 	.db #0x00	; 0
   0252 FF                  639 	.db #0xff	; 255
   0253 88                  640 	.db #0x88	; 136
   0254 EE                  641 	.db #0xee	; 238
   0255 EE                  642 	.db #0xee	; 238
   0256 EE                  643 	.db #0xee	; 238
   0257 EE                  644 	.db #0xee	; 238
   0258 FF                  645 	.db #0xff	; 255
   0259 CC                  646 	.db #0xcc	; 204
   025A EE                  647 	.db #0xee	; 238
   025B EE                  648 	.db #0xee	; 238
   025C EE                  649 	.db #0xee	; 238
   025D EE                  650 	.db #0xee	; 238
   025E EE                  651 	.db #0xee	; 238
   025F EE                  652 	.db #0xee	; 238
   0260 CC                  653 	.db #0xcc	; 204
   0261 CC                  654 	.db #0xcc	; 204
   0262 00                  655 	.db #0x00	; 0
   0263 00                  656 	.db #0x00	; 0
   0264 55                  657 	.db #0x55	; 85	'U'
   0265 EE                  658 	.db #0xee	; 238
   0266 EE                  659 	.db #0xee	; 238
   0267 CC                  660 	.db #0xcc	; 204
   0268 EE                  661 	.db #0xee	; 238
   0269 00                  662 	.db #0x00	; 0
   026A FF                  663 	.db #0xff	; 255
   026B 88                  664 	.db #0x88	; 136
   026C CC                  665 	.db #0xcc	; 204
   026D EE                  666 	.db #0xee	; 238
   026E 00                  667 	.db #0x00	; 0
   026F EE                  668 	.db #0xee	; 238
   0270 FF                  669 	.db #0xff	; 255
   0271 CC                  670 	.db #0xcc	; 204
   0272 CC                  671 	.db #0xcc	; 204
   0273 88                  672 	.db #0x88	; 136
   0274 00                  673 	.db #0x00	; 0
   0275 00                  674 	.db #0x00	; 0
   0276 FF                  675 	.db #0xff	; 255
   0277 EE                  676 	.db #0xee	; 238
   0278 DD                  677 	.db #0xdd	; 221
   0279 CC                  678 	.db #0xcc	; 204
   027A 55                  679 	.db #0x55	; 85	'U'
   027B 88                  680 	.db #0x88	; 136
   027C 55                  681 	.db #0x55	; 85	'U'
   027D 88                  682 	.db #0x88	; 136
   027E 55                  683 	.db #0x55	; 85	'U'
   027F 88                  684 	.db #0x88	; 136
   0280 55                  685 	.db #0x55	; 85	'U'
   0281 88                  686 	.db #0x88	; 136
   0282 55                  687 	.db #0x55	; 85	'U'
   0283 88                  688 	.db #0x88	; 136
   0284 44                  689 	.db #0x44	; 68	'D'
   0285 88                  690 	.db #0x88	; 136
   0286 00                  691 	.db #0x00	; 0
   0287 00                  692 	.db #0x00	; 0
   0288 EE                  693 	.db #0xee	; 238
   0289 EE                  694 	.db #0xee	; 238
   028A EE                  695 	.db #0xee	; 238
   028B EE                  696 	.db #0xee	; 238
   028C EE                  697 	.db #0xee	; 238
   028D EE                  698 	.db #0xee	; 238
   028E EE                  699 	.db #0xee	; 238
   028F EE                  700 	.db #0xee	; 238
   0290 EE                  701 	.db #0xee	; 238
   0291 EE                  702 	.db #0xee	; 238
   0292 EE                  703 	.db #0xee	; 238
   0293 EE                  704 	.db #0xee	; 238
   0294 DD                  705 	.db #0xdd	; 221
   0295 EE                  706 	.db #0xee	; 238
   0296 44                  707 	.db #0x44	; 68	'D'
   0297 CC                  708 	.db #0xcc	; 204
   0298 00                  709 	.db #0x00	; 0
   0299 00                  710 	.db #0x00	; 0
   029A EE                  711 	.db #0xee	; 238
   029B EE                  712 	.db #0xee	; 238
   029C EE                  713 	.db #0xee	; 238
   029D EE                  714 	.db #0xee	; 238
   029E EE                  715 	.db #0xee	; 238
   029F EE                  716 	.db #0xee	; 238
   02A0 EE                  717 	.db #0xee	; 238
   02A1 EE                  718 	.db #0xee	; 238
   02A2 EE                  719 	.db #0xee	; 238
   02A3 EE                  720 	.db #0xee	; 238
   02A4 DD                  721 	.db #0xdd	; 221
   02A5 CC                  722 	.db #0xcc	; 204
   02A6 55                  723 	.db #0x55	; 85	'U'
   02A7 88                  724 	.db #0x88	; 136
   02A8 44                  725 	.db #0x44	; 68	'D'
   02A9 88                  726 	.db #0x88	; 136
   02AA 00                  727 	.db #0x00	; 0
   02AB 00                  728 	.db #0x00	; 0
   02AC EE                  729 	.db #0xee	; 238
   02AD EE                  730 	.db #0xee	; 238
   02AE EE                  731 	.db #0xee	; 238
   02AF EE                  732 	.db #0xee	; 238
   02B0 EE                  733 	.db #0xee	; 238
   02B1 EE                  734 	.db #0xee	; 238
   02B2 EE                  735 	.db #0xee	; 238
   02B3 EE                  736 	.db #0xee	; 238
   02B4 FF                  737 	.db #0xff	; 255
   02B5 EE                  738 	.db #0xee	; 238
   02B6 FF                  739 	.db #0xff	; 255
   02B7 EE                  740 	.db #0xee	; 238
   02B8 EE                  741 	.db #0xee	; 238
   02B9 EE                  742 	.db #0xee	; 238
   02BA CC                  743 	.db #0xcc	; 204
   02BB CC                  744 	.db #0xcc	; 204
   02BC 00                  745 	.db #0x00	; 0
   02BD 00                  746 	.db #0x00	; 0
   02BE EE                  747 	.db #0xee	; 238
   02BF EE                  748 	.db #0xee	; 238
   02C0 EE                  749 	.db #0xee	; 238
   02C1 EE                  750 	.db #0xee	; 238
   02C2 EE                  751 	.db #0xee	; 238
   02C3 EE                  752 	.db #0xee	; 238
   02C4 DD                  753 	.db #0xdd	; 221
   02C5 CC                  754 	.db #0xcc	; 204
   02C6 EE                  755 	.db #0xee	; 238
   02C7 EE                  756 	.db #0xee	; 238
   02C8 EE                  757 	.db #0xee	; 238
   02C9 EE                  758 	.db #0xee	; 238
   02CA EE                  759 	.db #0xee	; 238
   02CB EE                  760 	.db #0xee	; 238
   02CC CC                  761 	.db #0xcc	; 204
   02CD CC                  762 	.db #0xcc	; 204
   02CE 00                  763 	.db #0x00	; 0
   02CF 00                  764 	.db #0x00	; 0
   02D0 EE                  765 	.db #0xee	; 238
   02D1 EE                  766 	.db #0xee	; 238
   02D2 EE                  767 	.db #0xee	; 238
   02D3 EE                  768 	.db #0xee	; 238
   02D4 EE                  769 	.db #0xee	; 238
   02D5 EE                  770 	.db #0xee	; 238
   02D6 FF                  771 	.db #0xff	; 255
   02D7 EE                  772 	.db #0xee	; 238
   02D8 DD                  773 	.db #0xdd	; 221
   02D9 CC                  774 	.db #0xcc	; 204
   02DA 55                  775 	.db #0x55	; 85	'U'
   02DB 88                  776 	.db #0x88	; 136
   02DC 55                  777 	.db #0x55	; 85	'U'
   02DD 88                  778 	.db #0x88	; 136
   02DE 44                  779 	.db #0x44	; 68	'D'
   02DF 88                  780 	.db #0x88	; 136
   02E0 00                  781 	.db #0x00	; 0
   02E1 00                  782 	.db #0x00	; 0
   02E2 FF                  783 	.db #0xff	; 255
   02E3 EE                  784 	.db #0xee	; 238
   02E4 CC                  785 	.db #0xcc	; 204
   02E5 EE                  786 	.db #0xee	; 238
   02E6 00                  787 	.db #0x00	; 0
   02E7 EE                  788 	.db #0xee	; 238
   02E8 55                  789 	.db #0x55	; 85	'U'
   02E9 CC                  790 	.db #0xcc	; 204
   02EA EE                  791 	.db #0xee	; 238
   02EB 88                  792 	.db #0x88	; 136
   02EC EE                  793 	.db #0xee	; 238
   02ED 00                  794 	.db #0x00	; 0
   02EE FF                  795 	.db #0xff	; 255
   02EF EE                  796 	.db #0xee	; 238
   02F0 CC                  797 	.db #0xcc	; 204
   02F1 CC                  798 	.db #0xcc	; 204
   02F2 00                  799 	.db #0x00	; 0
   02F3 00                  800 	.db #0x00	; 0
                            801 	.area _INITIALIZER
                            802 	.area _CABS (ABS)
