                              1 ;--------------------------------------------------------
                              2 ; File Created by SDCC : free open source ANSI-C Compiler
                              3 ; Version 3.6.8 #9946 (Mac OS X x86_64)
                              4 ;--------------------------------------------------------
                              5 	.module markers
                              6 	.optsdcc -mz80
                              7 	
                              8 ;--------------------------------------------------------
                              9 ; Public variables in this module
                             10 ;--------------------------------------------------------
                             11 	.globl _g_markers_1
                             12 	.globl _g_markers_0
                             13 ;--------------------------------------------------------
                             14 ; special function registers
                             15 ;--------------------------------------------------------
                             16 ;--------------------------------------------------------
                             17 ; ram data
                             18 ;--------------------------------------------------------
                             19 	.area _DATA
                             20 ;--------------------------------------------------------
                             21 ; ram data
                             22 ;--------------------------------------------------------
                             23 	.area _INITIALIZED
                             24 ;--------------------------------------------------------
                             25 ; absolute external ram data
                             26 ;--------------------------------------------------------
                             27 	.area _DABS (ABS)
                             28 ;--------------------------------------------------------
                             29 ; global & static initialisations
                             30 ;--------------------------------------------------------
                             31 	.area _HOME
                             32 	.area _GSINIT
                             33 	.area _GSFINAL
                             34 	.area _GSINIT
                             35 ;--------------------------------------------------------
                             36 ; Home
                             37 ;--------------------------------------------------------
                             38 	.area _HOME
                             39 	.area _HOME
                             40 ;--------------------------------------------------------
                             41 ; code
                             42 ;--------------------------------------------------------
                             43 	.area _CODE
                             44 	.area _CODE
   0000                      45 _g_markers_0:
   0000 FF                   46 	.db #0xff	; 255
   0001 FF                   47 	.db #0xff	; 255
   0002 BE                   48 	.db #0xbe	; 190
   0003 3C                   49 	.db #0x3c	; 60
   0004 3C                   50 	.db #0x3c	; 60
   0005 3C                   51 	.db #0x3c	; 60
   0006 FF                   52 	.db #0xff	; 255
   0007 BE                   53 	.db #0xbe	; 190
   0008 3C                   54 	.db #0x3c	; 60
   0009 3C                   55 	.db #0x3c	; 60
   000A 3C                   56 	.db #0x3c	; 60
   000B 3C                   57 	.db #0x3c	; 60
   000C FF                   58 	.db #0xff	; 255
   000D 00                   59 	.db #0x00	; 0
   000E 00                   60 	.db #0x00	; 0
   000F 00                   61 	.db #0x00	; 0
   0010 00                   62 	.db #0x00	; 0
   0011 3C                   63 	.db #0x3c	; 60
   0012 BE                   64 	.db #0xbe	; 190
   0013 00                   65 	.db #0x00	; 0
   0014 00                   66 	.db #0x00	; 0
   0015 00                   67 	.db #0x00	; 0
   0016 00                   68 	.db #0x00	; 0
   0017 3C                   69 	.db #0x3c	; 60
   0018 BE                   70 	.db #0xbe	; 190
   0019 00                   71 	.db #0x00	; 0
   001A 00                   72 	.db #0x00	; 0
   001B 00                   73 	.db #0x00	; 0
   001C 00                   74 	.db #0x00	; 0
   001D 3C                   75 	.db #0x3c	; 60
   001E 3C                   76 	.db #0x3c	; 60
   001F 00                   77 	.db #0x00	; 0
   0020 00                   78 	.db #0x00	; 0
   0021 00                   79 	.db #0x00	; 0
   0022 00                   80 	.db #0x00	; 0
   0023 3C                   81 	.db #0x3c	; 60
   0024 3C                   82 	.db #0x3c	; 60
   0025 00                   83 	.db #0x00	; 0
   0026 00                   84 	.db #0x00	; 0
   0027 00                   85 	.db #0x00	; 0
   0028 00                   86 	.db #0x00	; 0
   0029 3C                   87 	.db #0x3c	; 60
   002A 3C                   88 	.db #0x3c	; 60
   002B 00                   89 	.db #0x00	; 0
   002C 00                   90 	.db #0x00	; 0
   002D 00                   91 	.db #0x00	; 0
   002E 00                   92 	.db #0x00	; 0
   002F 3C                   93 	.db #0x3c	; 60
   0030 3C                   94 	.db #0x3c	; 60
   0031 00                   95 	.db #0x00	; 0
   0032 00                   96 	.db #0x00	; 0
   0033 00                   97 	.db #0x00	; 0
   0034 00                   98 	.db #0x00	; 0
   0035 3C                   99 	.db #0x3c	; 60
   0036 3C                  100 	.db #0x3c	; 60
   0037 00                  101 	.db #0x00	; 0
   0038 00                  102 	.db #0x00	; 0
   0039 00                  103 	.db #0x00	; 0
   003A 00                  104 	.db #0x00	; 0
   003B 3C                  105 	.db #0x3c	; 60
   003C 3C                  106 	.db #0x3c	; 60
   003D 00                  107 	.db #0x00	; 0
   003E 00                  108 	.db #0x00	; 0
   003F 00                  109 	.db #0x00	; 0
   0040 00                  110 	.db #0x00	; 0
   0041 3C                  111 	.db #0x3c	; 60
   0042 3C                  112 	.db #0x3c	; 60
   0043 00                  113 	.db #0x00	; 0
   0044 00                  114 	.db #0x00	; 0
   0045 00                  115 	.db #0x00	; 0
   0046 00                  116 	.db #0x00	; 0
   0047 3C                  117 	.db #0x3c	; 60
   0048 3C                  118 	.db #0x3c	; 60
   0049 00                  119 	.db #0x00	; 0
   004A 00                  120 	.db #0x00	; 0
   004B 00                  121 	.db #0x00	; 0
   004C 00                  122 	.db #0x00	; 0
   004D 78                  123 	.db #0x78	; 120	'x'
   004E 3C                  124 	.db #0x3c	; 60
   004F 00                  125 	.db #0x00	; 0
   0050 00                  126 	.db #0x00	; 0
   0051 00                  127 	.db #0x00	; 0
   0052 00                  128 	.db #0x00	; 0
   0053 78                  129 	.db #0x78	; 120	'x'
   0054 3C                  130 	.db #0x3c	; 60
   0055 3C                  131 	.db #0x3c	; 60
   0056 3C                  132 	.db #0x3c	; 60
   0057 3C                  133 	.db #0x3c	; 60
   0058 3C                  134 	.db #0x3c	; 60
   0059 F0                  135 	.db #0xf0	; 240
   005A 3C                  136 	.db #0x3c	; 60
   005B 3C                  137 	.db #0x3c	; 60
   005C 3C                  138 	.db #0x3c	; 60
   005D 3C                  139 	.db #0x3c	; 60
   005E F0                  140 	.db #0xf0	; 240
   005F F0                  141 	.db #0xf0	; 240
   0060                     142 _g_markers_1:
   0060 0F                  143 	.db #0x0f	; 15
   0061 0F                  144 	.db #0x0f	; 15
   0062 1B                  145 	.db #0x1b	; 27
   0063 33                  146 	.db #0x33	; 51	'3'
   0064 33                  147 	.db #0x33	; 51	'3'
   0065 33                  148 	.db #0x33	; 51	'3'
   0066 0F                  149 	.db #0x0f	; 15
   0067 1B                  150 	.db #0x1b	; 27
   0068 33                  151 	.db #0x33	; 51	'3'
   0069 33                  152 	.db #0x33	; 51	'3'
   006A 33                  153 	.db #0x33	; 51	'3'
   006B 33                  154 	.db #0x33	; 51	'3'
   006C 0F                  155 	.db #0x0f	; 15
   006D 00                  156 	.db #0x00	; 0
   006E 00                  157 	.db #0x00	; 0
   006F 00                  158 	.db #0x00	; 0
   0070 00                  159 	.db #0x00	; 0
   0071 33                  160 	.db #0x33	; 51	'3'
   0072 1B                  161 	.db #0x1b	; 27
   0073 00                  162 	.db #0x00	; 0
   0074 00                  163 	.db #0x00	; 0
   0075 00                  164 	.db #0x00	; 0
   0076 00                  165 	.db #0x00	; 0
   0077 33                  166 	.db #0x33	; 51	'3'
   0078 1B                  167 	.db #0x1b	; 27
   0079 00                  168 	.db #0x00	; 0
   007A 00                  169 	.db #0x00	; 0
   007B 00                  170 	.db #0x00	; 0
   007C 00                  171 	.db #0x00	; 0
   007D 33                  172 	.db #0x33	; 51	'3'
   007E 33                  173 	.db #0x33	; 51	'3'
   007F 00                  174 	.db #0x00	; 0
   0080 00                  175 	.db #0x00	; 0
   0081 00                  176 	.db #0x00	; 0
   0082 00                  177 	.db #0x00	; 0
   0083 33                  178 	.db #0x33	; 51	'3'
   0084 33                  179 	.db #0x33	; 51	'3'
   0085 00                  180 	.db #0x00	; 0
   0086 00                  181 	.db #0x00	; 0
   0087 00                  182 	.db #0x00	; 0
   0088 00                  183 	.db #0x00	; 0
   0089 33                  184 	.db #0x33	; 51	'3'
   008A 33                  185 	.db #0x33	; 51	'3'
   008B 00                  186 	.db #0x00	; 0
   008C 00                  187 	.db #0x00	; 0
   008D 00                  188 	.db #0x00	; 0
   008E 00                  189 	.db #0x00	; 0
   008F 33                  190 	.db #0x33	; 51	'3'
   0090 33                  191 	.db #0x33	; 51	'3'
   0091 00                  192 	.db #0x00	; 0
   0092 00                  193 	.db #0x00	; 0
   0093 00                  194 	.db #0x00	; 0
   0094 00                  195 	.db #0x00	; 0
   0095 33                  196 	.db #0x33	; 51	'3'
   0096 33                  197 	.db #0x33	; 51	'3'
   0097 00                  198 	.db #0x00	; 0
   0098 00                  199 	.db #0x00	; 0
   0099 00                  200 	.db #0x00	; 0
   009A 00                  201 	.db #0x00	; 0
   009B 33                  202 	.db #0x33	; 51	'3'
   009C 33                  203 	.db #0x33	; 51	'3'
   009D 00                  204 	.db #0x00	; 0
   009E 00                  205 	.db #0x00	; 0
   009F 00                  206 	.db #0x00	; 0
   00A0 00                  207 	.db #0x00	; 0
   00A1 33                  208 	.db #0x33	; 51	'3'
   00A2 33                  209 	.db #0x33	; 51	'3'
   00A3 00                  210 	.db #0x00	; 0
   00A4 00                  211 	.db #0x00	; 0
   00A5 00                  212 	.db #0x00	; 0
   00A6 00                  213 	.db #0x00	; 0
   00A7 33                  214 	.db #0x33	; 51	'3'
   00A8 33                  215 	.db #0x33	; 51	'3'
   00A9 00                  216 	.db #0x00	; 0
   00AA 00                  217 	.db #0x00	; 0
   00AB 00                  218 	.db #0x00	; 0
   00AC 00                  219 	.db #0x00	; 0
   00AD 37                  220 	.db #0x37	; 55	'7'
   00AE 33                  221 	.db #0x33	; 51	'3'
   00AF 00                  222 	.db #0x00	; 0
   00B0 00                  223 	.db #0x00	; 0
   00B1 00                  224 	.db #0x00	; 0
   00B2 00                  225 	.db #0x00	; 0
   00B3 37                  226 	.db #0x37	; 55	'7'
   00B4 33                  227 	.db #0x33	; 51	'3'
   00B5 33                  228 	.db #0x33	; 51	'3'
   00B6 33                  229 	.db #0x33	; 51	'3'
   00B7 33                  230 	.db #0x33	; 51	'3'
   00B8 33                  231 	.db #0x33	; 51	'3'
   00B9 3F                  232 	.db #0x3f	; 63
   00BA 33                  233 	.db #0x33	; 51	'3'
   00BB 33                  234 	.db #0x33	; 51	'3'
   00BC 33                  235 	.db #0x33	; 51	'3'
   00BD 33                  236 	.db #0x33	; 51	'3'
   00BE 3F                  237 	.db #0x3f	; 63
   00BF 3F                  238 	.db #0x3f	; 63
                            239 	.area _INITIALIZER
                            240 	.area _CABS (ABS)
