                              1 ;--------------------------------------------------------
                              2 ; File Created by SDCC : free open source ANSI-C Compiler
                              3 ; Version 3.6.8 #9946 (Linux)
                              4 ;--------------------------------------------------------
                              5 	.module tiles
                              6 	.optsdcc -mz80
                              7 	
                              8 ;--------------------------------------------------------
                              9 ; Public variables in this module
                             10 ;--------------------------------------------------------
                             11 	.globl _sp_tiles_8
                             12 	.globl _sp_tiles_7
                             13 	.globl _sp_tiles_6
                             14 	.globl _sp_tiles_5
                             15 	.globl _sp_tiles_4
                             16 	.globl _sp_tiles_3
                             17 	.globl _sp_tiles_2
                             18 	.globl _sp_tiles_1
                             19 	.globl _sp_tiles_0
                             20 ;--------------------------------------------------------
                             21 ; special function registers
                             22 ;--------------------------------------------------------
                             23 ;--------------------------------------------------------
                             24 ; ram data
                             25 ;--------------------------------------------------------
                             26 	.area _DATA
                             27 ;--------------------------------------------------------
                             28 ; ram data
                             29 ;--------------------------------------------------------
                             30 	.area _INITIALIZED
                             31 ;--------------------------------------------------------
                             32 ; absolute external ram data
                             33 ;--------------------------------------------------------
                             34 	.area _DABS (ABS)
                             35 ;--------------------------------------------------------
                             36 ; global & static initialisations
                             37 ;--------------------------------------------------------
                             38 	.area _HOME
                             39 	.area _GSINIT
                             40 	.area _GSFINAL
                             41 	.area _GSINIT
                             42 ;--------------------------------------------------------
                             43 ; Home
                             44 ;--------------------------------------------------------
                             45 	.area _HOME
                             46 	.area _HOME
                             47 ;--------------------------------------------------------
                             48 ; code
                             49 ;--------------------------------------------------------
                             50 	.area _CODE
                             51 	.area _CODE
   0000                      52 _sp_tiles_0:
   0000 44                   53 	.db #0x44	; 68	'D'
   0001 CC                   54 	.db #0xcc	; 204
   0002 CC                   55 	.db #0xcc	; 204
   0003 88                   56 	.db #0x88	; 136
   0004 98                   57 	.db #0x98	; 152
   0005 F0                   58 	.db #0xf0	; 240
   0006 F0                   59 	.db #0xf0	; 240
   0007 64                   60 	.db #0x64	; 100	'd'
   0008 D8                   61 	.db #0xd8	; 216
   0009 0C                   62 	.db #0x0c	; 12
   000A 30                   63 	.db #0x30	; 48	'0'
   000B 64                   64 	.db #0x64	; 100	'd'
   000C D8                   65 	.db #0xd8	; 216
   000D 18                   66 	.db #0x18	; 24
   000E 30                   67 	.db #0x30	; 48	'0'
   000F 64                   68 	.db #0x64	; 100	'd'
   0010 D8                   69 	.db #0xd8	; 216
   0011 30                   70 	.db #0x30	; 48	'0'
   0012 30                   71 	.db #0x30	; 48	'0'
   0013 64                   72 	.db #0x64	; 100	'd'
   0014 D8                   73 	.db #0xd8	; 216
   0015 30                   74 	.db #0x30	; 48	'0'
   0016 30                   75 	.db #0x30	; 48	'0'
   0017 64                   76 	.db #0x64	; 100	'd'
   0018 D8                   77 	.db #0xd8	; 216
   0019 30                   78 	.db #0x30	; 48	'0'
   001A 30                   79 	.db #0x30	; 48	'0'
   001B 64                   80 	.db #0x64	; 100	'd'
   001C D8                   81 	.db #0xd8	; 216
   001D 30                   82 	.db #0x30	; 48	'0'
   001E 30                   83 	.db #0x30	; 48	'0'
   001F 64                   84 	.db #0x64	; 100	'd'
   0020 D8                   85 	.db #0xd8	; 216
   0021 30                   86 	.db #0x30	; 48	'0'
   0022 30                   87 	.db #0x30	; 48	'0'
   0023 64                   88 	.db #0x64	; 100	'd'
   0024 D8                   89 	.db #0xd8	; 216
   0025 30                   90 	.db #0x30	; 48	'0'
   0026 30                   91 	.db #0x30	; 48	'0'
   0027 64                   92 	.db #0x64	; 100	'd'
   0028 98                   93 	.db #0x98	; 152
   0029 30                   94 	.db #0x30	; 48	'0'
   002A 30                   95 	.db #0x30	; 48	'0'
   002B 64                   96 	.db #0x64	; 100	'd'
   002C 44                   97 	.db #0x44	; 68	'D'
   002D CC                   98 	.db #0xcc	; 204
   002E CC                   99 	.db #0xcc	; 204
   002F 88                  100 	.db #0x88	; 136
   0030                     101 _sp_tiles_1:
   0030 01                  102 	.db #0x01	; 1
   0031 03                  103 	.db #0x03	; 3
   0032 03                  104 	.db #0x03	; 3
   0033 02                  105 	.db #0x02	; 2
   0034 56                  106 	.db #0x56	; 86	'V'
   0035 3C                  107 	.db #0x3c	; 60
   0036 3C                  108 	.db #0x3c	; 60
   0037 A9                  109 	.db #0xa9	; 169
   0038 16                  110 	.db #0x16	; 22
   0039 0C                  111 	.db #0x0c	; 12
   003A FC                  112 	.db #0xfc	; 252
   003B A9                  113 	.db #0xa9	; 169
   003C 16                  114 	.db #0x16	; 22
   003D 5C                  115 	.db #0x5c	; 92
   003E FC                  116 	.db #0xfc	; 252
   003F A9                  117 	.db #0xa9	; 169
   0040 16                  118 	.db #0x16	; 22
   0041 FC                  119 	.db #0xfc	; 252
   0042 FC                  120 	.db #0xfc	; 252
   0043 A9                  121 	.db #0xa9	; 169
   0044 16                  122 	.db #0x16	; 22
   0045 FC                  123 	.db #0xfc	; 252
   0046 FC                  124 	.db #0xfc	; 252
   0047 A9                  125 	.db #0xa9	; 169
   0048 16                  126 	.db #0x16	; 22
   0049 FC                  127 	.db #0xfc	; 252
   004A FC                  128 	.db #0xfc	; 252
   004B A9                  129 	.db #0xa9	; 169
   004C 16                  130 	.db #0x16	; 22
   004D FC                  131 	.db #0xfc	; 252
   004E FC                  132 	.db #0xfc	; 252
   004F A9                  133 	.db #0xa9	; 169
   0050 16                  134 	.db #0x16	; 22
   0051 FC                  135 	.db #0xfc	; 252
   0052 FC                  136 	.db #0xfc	; 252
   0053 A9                  137 	.db #0xa9	; 169
   0054 16                  138 	.db #0x16	; 22
   0055 FC                  139 	.db #0xfc	; 252
   0056 FC                  140 	.db #0xfc	; 252
   0057 A9                  141 	.db #0xa9	; 169
   0058 56                  142 	.db #0x56	; 86	'V'
   0059 FC                  143 	.db #0xfc	; 252
   005A FC                  144 	.db #0xfc	; 252
   005B A9                  145 	.db #0xa9	; 169
   005C 01                  146 	.db #0x01	; 1
   005D 03                  147 	.db #0x03	; 3
   005E 03                  148 	.db #0x03	; 3
   005F 02                  149 	.db #0x02	; 2
   0060                     150 _sp_tiles_2:
   0060 50                  151 	.db #0x50	; 80	'P'
   0061 F0                  152 	.db #0xf0	; 240
   0062 F0                  153 	.db #0xf0	; 240
   0063 A0                  154 	.db #0xa0	; 160
   0064 B4                  155 	.db #0xb4	; 180
   0065 FF                  156 	.db #0xff	; 255
   0066 FF                  157 	.db #0xff	; 255
   0067 78                  158 	.db #0x78	; 120	'x'
   0068 F5                  159 	.db #0xf5	; 245
   0069 0C                  160 	.db #0x0c	; 12
   006A 3C                  161 	.db #0x3c	; 60
   006B 78                  162 	.db #0x78	; 120	'x'
   006C F5                  163 	.db #0xf5	; 245
   006D 1C                  164 	.db #0x1c	; 28
   006E 3C                  165 	.db #0x3c	; 60
   006F 78                  166 	.db #0x78	; 120	'x'
   0070 F5                  167 	.db #0xf5	; 245
   0071 3C                  168 	.db #0x3c	; 60
   0072 3C                  169 	.db #0x3c	; 60
   0073 78                  170 	.db #0x78	; 120	'x'
   0074 F5                  171 	.db #0xf5	; 245
   0075 3C                  172 	.db #0x3c	; 60
   0076 3C                  173 	.db #0x3c	; 60
   0077 78                  174 	.db #0x78	; 120	'x'
   0078 F5                  175 	.db #0xf5	; 245
   0079 3C                  176 	.db #0x3c	; 60
   007A 3C                  177 	.db #0x3c	; 60
   007B 78                  178 	.db #0x78	; 120	'x'
   007C F5                  179 	.db #0xf5	; 245
   007D 3C                  180 	.db #0x3c	; 60
   007E 3C                  181 	.db #0x3c	; 60
   007F 78                  182 	.db #0x78	; 120	'x'
   0080 F5                  183 	.db #0xf5	; 245
   0081 3C                  184 	.db #0x3c	; 60
   0082 3C                  185 	.db #0x3c	; 60
   0083 78                  186 	.db #0x78	; 120	'x'
   0084 F5                  187 	.db #0xf5	; 245
   0085 3C                  188 	.db #0x3c	; 60
   0086 3C                  189 	.db #0x3c	; 60
   0087 78                  190 	.db #0x78	; 120	'x'
   0088 B4                  191 	.db #0xb4	; 180
   0089 3C                  192 	.db #0x3c	; 60
   008A 3C                  193 	.db #0x3c	; 60
   008B 78                  194 	.db #0x78	; 120	'x'
   008C 50                  195 	.db #0x50	; 80	'P'
   008D F0                  196 	.db #0xf0	; 240
   008E F0                  197 	.db #0xf0	; 240
   008F A0                  198 	.db #0xa0	; 160
   0090                     199 _sp_tiles_3:
   0090 15                  200 	.db #0x15	; 21
   0091 3F                  201 	.db #0x3f	; 63
   0092 3F                  202 	.db #0x3f	; 63
   0093 2A                  203 	.db #0x2a	; 42
   0094 3B                  204 	.db #0x3b	; 59
   0095 0F                  205 	.db #0x0f	; 15
   0096 0F                  206 	.db #0x0f	; 15
   0097 37                  207 	.db #0x37	; 55	'7'
   0098 2F                  208 	.db #0x2f	; 47
   0099 0C                  209 	.db #0x0c	; 12
   009A 33                  210 	.db #0x33	; 51	'3'
   009B 37                  211 	.db #0x37	; 55	'7'
   009C 2F                  212 	.db #0x2f	; 47
   009D 19                  213 	.db #0x19	; 25
   009E 33                  214 	.db #0x33	; 51	'3'
   009F 37                  215 	.db #0x37	; 55	'7'
   00A0 2F                  216 	.db #0x2f	; 47
   00A1 33                  217 	.db #0x33	; 51	'3'
   00A2 33                  218 	.db #0x33	; 51	'3'
   00A3 37                  219 	.db #0x37	; 55	'7'
   00A4 2F                  220 	.db #0x2f	; 47
   00A5 33                  221 	.db #0x33	; 51	'3'
   00A6 33                  222 	.db #0x33	; 51	'3'
   00A7 37                  223 	.db #0x37	; 55	'7'
   00A8 2F                  224 	.db #0x2f	; 47
   00A9 33                  225 	.db #0x33	; 51	'3'
   00AA 33                  226 	.db #0x33	; 51	'3'
   00AB 37                  227 	.db #0x37	; 55	'7'
   00AC 2F                  228 	.db #0x2f	; 47
   00AD 33                  229 	.db #0x33	; 51	'3'
   00AE 33                  230 	.db #0x33	; 51	'3'
   00AF 37                  231 	.db #0x37	; 55	'7'
   00B0 2F                  232 	.db #0x2f	; 47
   00B1 33                  233 	.db #0x33	; 51	'3'
   00B2 33                  234 	.db #0x33	; 51	'3'
   00B3 37                  235 	.db #0x37	; 55	'7'
   00B4 2F                  236 	.db #0x2f	; 47
   00B5 33                  237 	.db #0x33	; 51	'3'
   00B6 33                  238 	.db #0x33	; 51	'3'
   00B7 37                  239 	.db #0x37	; 55	'7'
   00B8 3B                  240 	.db #0x3b	; 59
   00B9 33                  241 	.db #0x33	; 51	'3'
   00BA 33                  242 	.db #0x33	; 51	'3'
   00BB 37                  243 	.db #0x37	; 55	'7'
   00BC 15                  244 	.db #0x15	; 21
   00BD 3F                  245 	.db #0x3f	; 63
   00BE 3F                  246 	.db #0x3f	; 63
   00BF 2A                  247 	.db #0x2a	; 42
   00C0                     248 _sp_tiles_4:
   00C0 00                  249 	.db #0x00	; 0
   00C1 00                  250 	.db #0x00	; 0
   00C2 00                  251 	.db #0x00	; 0
   00C3 00                  252 	.db #0x00	; 0
   00C4 04                  253 	.db #0x04	; 4
   00C5 2E                  254 	.db #0x2e	; 46
   00C6 2E                  255 	.db #0x2e	; 46
   00C7 00                  256 	.db #0x00	; 0
   00C8 04                  257 	.db #0x04	; 4
   00C9 2E                  258 	.db #0x2e	; 46
   00CA 2E                  259 	.db #0x2e	; 46
   00CB 2A                  260 	.db #0x2a	; 42
   00CC 2E                  261 	.db #0x2e	; 46
   00CD 2E                  262 	.db #0x2e	; 46
   00CE 2E                  263 	.db #0x2e	; 46
   00CF 2A                  264 	.db #0x2a	; 42
   00D0 2E                  265 	.db #0x2e	; 46
   00D1 2E                  266 	.db #0x2e	; 46
   00D2 2E                  267 	.db #0x2e	; 46
   00D3 7B                  268 	.db #0x7b	; 123
   00D4 2E                  269 	.db #0x2e	; 46
   00D5 0C                  270 	.db #0x0c	; 12
   00D6 0C                  271 	.db #0x0c	; 12
   00D7 1D                  272 	.db #0x1d	; 29
   00D8 0C                  273 	.db #0x0c	; 12
   00D9 0C                  274 	.db #0x0c	; 12
   00DA 0C                  275 	.db #0x0c	; 12
   00DB 1D                  276 	.db #0x1d	; 29
   00DC A6                  277 	.db #0xa6	; 166
   00DD 0C                  278 	.db #0x0c	; 12
   00DE 0C                  279 	.db #0x0c	; 12
   00DF 2A                  280 	.db #0x2a	; 42
   00E0 51                  281 	.db #0x51	; 81	'Q'
   00E1 0C                  282 	.db #0x0c	; 12
   00E2 0C                  283 	.db #0x0c	; 12
   00E3 08                  284 	.db #0x08	; 8
   00E4 00                  285 	.db #0x00	; 0
   00E5 0C                  286 	.db #0x0c	; 12
   00E6 0C                  287 	.db #0x0c	; 12
   00E7 00                  288 	.db #0x00	; 0
   00E8 00                  289 	.db #0x00	; 0
   00E9 0C                  290 	.db #0x0c	; 12
   00EA 0C                  291 	.db #0x0c	; 12
   00EB 00                  292 	.db #0x00	; 0
   00EC 00                  293 	.db #0x00	; 0
   00ED 0C                  294 	.db #0x0c	; 12
   00EE 0C                  295 	.db #0x0c	; 12
   00EF 00                  296 	.db #0x00	; 0
   00F0                     297 _sp_tiles_5:
   00F0 00                  298 	.db #0x00	; 0
   00F1 FF                  299 	.db #0xff	; 255
   00F2 AA                  300 	.db #0xaa	; 170
   00F3 00                  301 	.db #0x00	; 0
   00F4 55                  302 	.db #0x55	; 85	'U'
   00F5 FF                  303 	.db #0xff	; 255
   00F6 FF                  304 	.db #0xff	; 255
   00F7 00                  305 	.db #0x00	; 0
   00F8 FF                  306 	.db #0xff	; 255
   00F9 FF                  307 	.db #0xff	; 255
   00FA FF                  308 	.db #0xff	; 255
   00FB AA                  309 	.db #0xaa	; 170
   00FC AA                  310 	.db #0xaa	; 170
   00FD 55                  311 	.db #0x55	; 85	'U'
   00FE 00                  312 	.db #0x00	; 0
   00FF AA                  313 	.db #0xaa	; 170
   0100 FB                  314 	.db #0xfb	; 251
   0101 F7                  315 	.db #0xf7	; 247
   0102 F3                  316 	.db #0xf3	; 243
   0103 AA                  317 	.db #0xaa	; 170
   0104 FF                  318 	.db #0xff	; 255
   0105 AA                  319 	.db #0xaa	; 170
   0106 FF                  320 	.db #0xff	; 255
   0107 AA                  321 	.db #0xaa	; 170
   0108 55                  322 	.db #0x55	; 85	'U'
   0109 A2                  323 	.db #0xa2	; 162
   010A F7                  324 	.db #0xf7	; 247
   010B 00                  325 	.db #0x00	; 0
   010C 00                  326 	.db #0x00	; 0
   010D FF                  327 	.db #0xff	; 255
   010E AA                  328 	.db #0xaa	; 170
   010F 00                  329 	.db #0x00	; 0
   0110 55                  330 	.db #0x55	; 85	'U'
   0111 A2                  331 	.db #0xa2	; 162
   0112 F7                  332 	.db #0xf7	; 247
   0113 00                  333 	.db #0x00	; 0
   0114 55                  334 	.db #0x55	; 85	'U'
   0115 A2                  335 	.db #0xa2	; 162
   0116 F7                  336 	.db #0xf7	; 247
   0117 00                  337 	.db #0x00	; 0
   0118 00                  338 	.db #0x00	; 0
   0119 FF                  339 	.db #0xff	; 255
   011A AA                  340 	.db #0xaa	; 170
   011B 00                  341 	.db #0x00	; 0
   011C 00                  342 	.db #0x00	; 0
   011D FF                  343 	.db #0xff	; 255
   011E AA                  344 	.db #0xaa	; 170
   011F 00                  345 	.db #0x00	; 0
   0120                     346 _sp_tiles_6:
   0120 00                  347 	.db #0x00	; 0
   0121 00                  348 	.db #0x00	; 0
   0122 00                  349 	.db #0x00	; 0
   0123 00                  350 	.db #0x00	; 0
   0124 00                  351 	.db #0x00	; 0
   0125 00                  352 	.db #0x00	; 0
   0126 00                  353 	.db #0x00	; 0
   0127 00                  354 	.db #0x00	; 0
   0128 00                  355 	.db #0x00	; 0
   0129 55                  356 	.db #0x55	; 85	'U'
   012A AA                  357 	.db #0xaa	; 170
   012B 00                  358 	.db #0x00	; 0
   012C 00                  359 	.db #0x00	; 0
   012D 55                  360 	.db #0x55	; 85	'U'
   012E 28                  361 	.db #0x28	; 40
   012F 00                  362 	.db #0x00	; 0
   0130 00                  363 	.db #0x00	; 0
   0131 00                  364 	.db #0x00	; 0
   0132 00                  365 	.db #0x00	; 0
   0133 00                  366 	.db #0x00	; 0
   0134 00                  367 	.db #0x00	; 0
   0135 00                  368 	.db #0x00	; 0
   0136 00                  369 	.db #0x00	; 0
   0137 00                  370 	.db #0x00	; 0
   0138 00                  371 	.db #0x00	; 0
   0139 00                  372 	.db #0x00	; 0
   013A 55                  373 	.db #0x55	; 85	'U'
   013B AA                  374 	.db #0xaa	; 170
   013C 00                  375 	.db #0x00	; 0
   013D 00                  376 	.db #0x00	; 0
   013E 14                  377 	.db #0x14	; 20
   013F AA                  378 	.db #0xaa	; 170
   0140 00                  379 	.db #0x00	; 0
   0141 00                  380 	.db #0x00	; 0
   0142 00                  381 	.db #0x00	; 0
   0143 00                  382 	.db #0x00	; 0
   0144 55                  383 	.db #0x55	; 85	'U'
   0145 AA                  384 	.db #0xaa	; 170
   0146 00                  385 	.db #0x00	; 0
   0147 00                  386 	.db #0x00	; 0
   0148 55                  387 	.db #0x55	; 85	'U'
   0149 28                  388 	.db #0x28	; 40
   014A 00                  389 	.db #0x00	; 0
   014B 00                  390 	.db #0x00	; 0
   014C 00                  391 	.db #0x00	; 0
   014D 00                  392 	.db #0x00	; 0
   014E 00                  393 	.db #0x00	; 0
   014F 00                  394 	.db #0x00	; 0
   0150                     395 _sp_tiles_7:
   0150 00                  396 	.db #0x00	; 0
   0151 55                  397 	.db #0x55	; 85	'U'
   0152 28                  398 	.db #0x28	; 40
   0153 00                  399 	.db #0x00	; 0
   0154 00                  400 	.db #0x00	; 0
   0155 00                  401 	.db #0x00	; 0
   0156 00                  402 	.db #0x00	; 0
   0157 00                  403 	.db #0x00	; 0
   0158 00                  404 	.db #0x00	; 0
   0159 00                  405 	.db #0x00	; 0
   015A 00                  406 	.db #0x00	; 0
   015B 00                  407 	.db #0x00	; 0
   015C 00                  408 	.db #0x00	; 0
   015D 00                  409 	.db #0x00	; 0
   015E 55                  410 	.db #0x55	; 85	'U'
   015F AA                  411 	.db #0xaa	; 170
   0160 00                  412 	.db #0x00	; 0
   0161 00                  413 	.db #0x00	; 0
   0162 14                  414 	.db #0x14	; 20
   0163 AA                  415 	.db #0xaa	; 170
   0164 00                  416 	.db #0x00	; 0
   0165 00                  417 	.db #0x00	; 0
   0166 00                  418 	.db #0x00	; 0
   0167 00                  419 	.db #0x00	; 0
   0168 55                  420 	.db #0x55	; 85	'U'
   0169 AA                  421 	.db #0xaa	; 170
   016A 00                  422 	.db #0x00	; 0
   016B 00                  423 	.db #0x00	; 0
   016C 55                  424 	.db #0x55	; 85	'U'
   016D 28                  425 	.db #0x28	; 40
   016E 00                  426 	.db #0x00	; 0
   016F 00                  427 	.db #0x00	; 0
   0170 00                  428 	.db #0x00	; 0
   0171 00                  429 	.db #0x00	; 0
   0172 00                  430 	.db #0x00	; 0
   0173 00                  431 	.db #0x00	; 0
   0174 00                  432 	.db #0x00	; 0
   0175 00                  433 	.db #0x00	; 0
   0176 00                  434 	.db #0x00	; 0
   0177 00                  435 	.db #0x00	; 0
   0178 00                  436 	.db #0x00	; 0
   0179 00                  437 	.db #0x00	; 0
   017A 00                  438 	.db #0x00	; 0
   017B 00                  439 	.db #0x00	; 0
   017C 00                  440 	.db #0x00	; 0
   017D 55                  441 	.db #0x55	; 85	'U'
   017E AA                  442 	.db #0xaa	; 170
   017F 00                  443 	.db #0x00	; 0
   0180                     444 _sp_tiles_8:
   0180 00                  445 	.db #0x00	; 0
   0181 00                  446 	.db #0x00	; 0
   0182 14                  447 	.db #0x14	; 20
   0183 AA                  448 	.db #0xaa	; 170
   0184 00                  449 	.db #0x00	; 0
   0185 00                  450 	.db #0x00	; 0
   0186 00                  451 	.db #0x00	; 0
   0187 00                  452 	.db #0x00	; 0
   0188 55                  453 	.db #0x55	; 85	'U'
   0189 AA                  454 	.db #0xaa	; 170
   018A 00                  455 	.db #0x00	; 0
   018B 00                  456 	.db #0x00	; 0
   018C 55                  457 	.db #0x55	; 85	'U'
   018D 28                  458 	.db #0x28	; 40
   018E 00                  459 	.db #0x00	; 0
   018F 00                  460 	.db #0x00	; 0
   0190 00                  461 	.db #0x00	; 0
   0191 00                  462 	.db #0x00	; 0
   0192 00                  463 	.db #0x00	; 0
   0193 00                  464 	.db #0x00	; 0
   0194 00                  465 	.db #0x00	; 0
   0195 00                  466 	.db #0x00	; 0
   0196 00                  467 	.db #0x00	; 0
   0197 00                  468 	.db #0x00	; 0
   0198 00                  469 	.db #0x00	; 0
   0199 00                  470 	.db #0x00	; 0
   019A 00                  471 	.db #0x00	; 0
   019B 00                  472 	.db #0x00	; 0
   019C 00                  473 	.db #0x00	; 0
   019D 55                  474 	.db #0x55	; 85	'U'
   019E AA                  475 	.db #0xaa	; 170
   019F 00                  476 	.db #0x00	; 0
   01A0 00                  477 	.db #0x00	; 0
   01A1 55                  478 	.db #0x55	; 85	'U'
   01A2 28                  479 	.db #0x28	; 40
   01A3 00                  480 	.db #0x00	; 0
   01A4 00                  481 	.db #0x00	; 0
   01A5 00                  482 	.db #0x00	; 0
   01A6 00                  483 	.db #0x00	; 0
   01A7 00                  484 	.db #0x00	; 0
   01A8 00                  485 	.db #0x00	; 0
   01A9 00                  486 	.db #0x00	; 0
   01AA 00                  487 	.db #0x00	; 0
   01AB 00                  488 	.db #0x00	; 0
   01AC 00                  489 	.db #0x00	; 0
   01AD 00                  490 	.db #0x00	; 0
   01AE 55                  491 	.db #0x55	; 85	'U'
   01AF AA                  492 	.db #0xaa	; 170
                            493 	.area _INITIALIZER
                            494 	.area _CABS (ABS)
